zhz/proguard/mapping.txt
com.itjiehun.zhz.AnimationCell -> com.itjiehun.zhz.a:
    int animationType -> b
    long timeElapsed -> c
    long animationTime -> d
    long delayTime -> e
    int[] extras -> a
    int getAnimationType() -> a
    void tick(long) -> a
    boolean animationDone() -> b
    double getPercentageDone() -> c
    boolean isActive() -> d
com.itjiehun.zhz.AnimationGrid -> com.itjiehun.zhz.b:
    java.util.ArrayList[][] field -> a
    int activeAnimations -> d
    boolean oneMoreFrame -> b
    java.util.ArrayList globalAnimation -> c
    void startAnimation(int,int,int,long,long,int[]) -> a
    void tickAll(long) -> a
    boolean isAnimationActive() -> a
    void cancelAnimations() -> b
com.itjiehun.zhz.Cell -> com.itjiehun.zhz.c:
    int x -> a
    int y -> b
    int getX() -> e
    int getY() -> f
    void setX(int) -> a
    void setY(int) -> b
com.itjiehun.zhz.DeviceUtil -> com.itjiehun.zhz.d:
    java.lang.String tag -> a
    java.util.Map getDeviceData(android.content.Context) -> a
com.itjiehun.zhz.Grid -> com.itjiehun.zhz.e:
    com.itjiehun.zhz.Tile[][] field -> a
    com.itjiehun.zhz.Tile[][] undoField -> b
    com.itjiehun.zhz.Tile[][] bufferField -> c
    com.itjiehun.zhz.Cell randomAvailableCell() -> a
    java.util.ArrayList getAvailableCells() -> g
    java.util.ArrayList getNotAvailableCells() -> b
    boolean isCellsAvailable() -> c
    boolean isCellOccupied(com.itjiehun.zhz.Cell) -> a
    com.itjiehun.zhz.Tile getCellContent(com.itjiehun.zhz.Cell) -> b
    boolean isCellWithinBounds(com.itjiehun.zhz.Cell) -> c
    void insertTile(com.itjiehun.zhz.Tile) -> a
    void removeTile(com.itjiehun.zhz.Tile) -> b
    void saveTiles() -> d
    void prepareSaveTiles() -> e
    void clearGrid() -> f
    void clearUndoGrid() -> h
com.itjiehun.zhz.InputListener -> com.itjiehun.zhz.f:
    float x -> a
    float y -> b
    float lastdx -> c
    float lastdy -> d
    float previousX -> e
    float previousY -> f
    float startingX -> g
    float startingY -> h
    int previousDirection -> i
    int veryLastDirection -> j
    boolean hasMoved -> k
    com.itjiehun.zhz.MainView mView -> l
    boolean onTouch(android.view.View,android.view.MotionEvent) -> onTouch
    float pathMoved() -> a
    boolean iconPressed(int,int) -> a
    boolean inRange(float,float,float) -> a
    boolean isTap(int) -> a
com.itjiehun.zhz.MainActivity -> com.itjiehun.zhz.MainActivity:
    com.itjiehun.zhz.MainView view -> a
    void onCreate(android.os.Bundle) -> onCreate
    boolean onKeyDown(int,android.view.KeyEvent) -> onKeyDown
    void onSaveInstanceState(android.os.Bundle) -> onSaveInstanceState
    void onPause() -> onPause
    void save() -> a
    void onResume() -> onResume
    void load() -> b
...
u.aly.I$e -> b.a.q:
    u.aly.I$e a -> a
    u.aly.I$e b -> b
    u.aly.I$e c -> c
    u.aly.I$e d -> d
    u.aly.I$e e -> e
    u.aly.I$e f -> f
    u.aly.I$e g -> g
    u.aly.I$e h -> h
    u.aly.I$e i -> i
    u.aly.I$e j -> j
    java.util.Map k -> k
    short l -> l
    java.lang.String m -> m
    u.aly.I$e[] n -> n
    short a() -> a
    u.aly.I$e[] values() -> values
    u.aly.I$e valueOf(java.lang.String) -> valueOf
u.aly.J -> b.a.r:
    u.aly.bd e -> e
    u.aly.aT f -> f
    u.aly.aT g -> g
    u.aly.aT h -> h
    java.util.Map i -> i
    int a -> a
    int b -> b
    int c -> c
    byte m -> j
    u.aly.J$e[] n -> k
    java.util.Map d -> d
    u.aly.J a(int) -> a
    boolean e() -> a
    void a$1385ff() -> b
    u.aly.J c(int) -> b
    boolean i() -> c
    void b$1385ff() -> d
    u.aly.J d(int) -> c
    boolean l() -> e
    void c$1385ff() -> f
    void a(u.aly.aY) -> a
    void b(u.aly.aY) -> b
    java.lang.String toString() -> toString
    void m() -> g
    u.aly.bd n() -> h
    u.aly.aT o() -> i
    u.aly.aT p() -> j
    u.aly.aT q() -> k
u.aly.J$a -> b.a.s:
    void a(u.aly.aY,u.aly.az) -> a
    void b(u.aly.aY,u.aly.az) -> b
u.aly.J$b -> b.a.t:
    u.aly.bg b() -> a
u.aly.J$c -> b.a.u:
    void a(u.aly.aY,u.aly.az) -> a
    void b(u.aly.aY,u.aly.az) -> b
u.aly.J$d -> b.a.v:
    u.aly.bg b() -> a
u.aly.J$e -> b.a.w:
    u.aly.J$e a -> a
    u.aly.J$e b -> b
    u.aly.J$e c -> c
    java.util.Map d -> d
    short e -> e
    java.lang.String f -> f
    u.aly.J$e[] g -> g
    short a() -> a
    u.aly.J$e[] values() -> values
    u.aly.J$e valueOf(java.lang.String) -> valueOf
u.aly.K -> b.a.x:
    u.aly.bd s -> s
    u.aly.aT t -> t
    u.aly.aT u -> u
    u.aly.aT v -> v
    u.aly.aT w -> w
    u.aly.aT x -> x
    u.aly.aT y -> y
    u.aly.aT z -> z
    u.aly.aT A -> A
    u.aly.aT B -> B
    u.aly.aT C -> C
    u.aly.aT D -> D
    u.aly.aT E -> E
    u.aly.aT F -> F
    u.aly.aT G -> G
    u.aly.aT H -> H
    u.aly.aT I -> I
    u.aly.aT J -> J
    java.util.Map K -> K
    java.lang.String a -> a
    java.lang.String b -> b
    java.lang.String c -> c
    java.lang.String d -> d
    java.lang.String e -> e
    java.lang.String f -> f
    java.lang.String g -> g
    java.lang.String h -> h
    u.aly.aa i -> i
    boolean j -> j
    boolean k -> k
    java.lang.String l -> l
    java.lang.String m -> m
    long n -> n
    java.lang.String o -> o
    java.lang.String p -> p
    java.lang.String q -> q
    byte O -> L
    u.aly.K$e[] P -> M
    java.util.Map r -> r
    u.aly.K a(java.lang.String) -> a
    boolean e() -> a
    void a$1385ff() -> b
    u.aly.K b(java.lang.String) -> b
    boolean i() -> c
    void b$1385ff() -> d
    u.aly.K c(java.lang.String) -> c
    boolean l() -> e
    void c$1385ff() -> f
    boolean o() -> g
    void d$1385ff() -> h
    u.aly.K e(java.lang.String) -> d
    boolean r() -> i
    void e$1385ff() -> j
    u.aly.K f(java.lang.String) -> e
    boolean u() -> k
    void f$1385ff() -> l
    u.aly.K g(java.lang.String) -> f
    boolean x() -> m
    void g$1385ff() -> n
    u.aly.K h(java.lang.String) -> g
u.aly.K$a -> b.a.y:
    void a(u.aly.aY,u.aly.az) -> a
    void b(u.aly.aY,u.aly.az) -> b
u.aly.K$b -> b.a.z:
    u.aly.bg b() -> a
u.aly.K$c -> b.a.aa:
    void a(u.aly.aY,u.aly.az) -> a
    void b(u.aly.aY,u.aly.az) -> b
u.aly.K$d -> b.a.ab:
    u.aly.bg b() -> a
u.aly.K$e -> b.a.ac:
    u.aly.K$e a -> a
    u.aly.K$e b -> b
    u.aly.K$e c -> c
    u.aly.K$e d -> d
    u.aly.K$e e -> e
    u.aly.K$e f -> f
    u.aly.K$e g -> g
    u.aly.K$e h -> h
    u.aly.K$e i -> i
    u.aly.K$e j -> j
    u.aly.K$e k -> k
    u.aly.K$e l -> l
    u.aly.K$e m -> m
    u.aly.K$e n -> n
    u.aly.K$e o -> o
    u.aly.K$e p -> p
    u.aly.K$e q -> q
    java.util.Map r -> r
    short s -> s
    java.lang.String t -> t
    u.aly.K$e[] u -> u
    short a() -> a
    u.aly.K$e[] values() -> values
    u.aly.K$e valueOf(java.lang.String) -> valueOf