zhz/proguard/usage.txt
com.itjiehun.zhz.BuildConfig
com.itjiehun.zhz.DeviceUtil:
    14:14:public DeviceUtil()
    38:44:public static java.lang.String getDeviceId(android.content.Context)
    48:62:public static java.lang.String getSimpleDeviceId(android.content.Context)
    66:71:public static boolean isEmulator()
com.itjiehun.zhz.InputListener:
    private static final int SWIPE_MIN_DISTANCE
    private static final int SWIPE_THRESHOLD_VELOCITY
    private static final int MOVE_THRESHOLD
    private static final int RESET_STARTING
com.itjiehun.zhz.MainActivity:
    public static final java.lang.String WIDTH
    public static final java.lang.String HEIGHT
    public static final java.lang.String SCORE
    public static final java.lang.String HIGH_SCORE
    public static final java.lang.String UNDO_SCORE
    public static final java.lang.String CAN_UNDO
    public static final java.lang.String UNDO_GRID
    public static final java.lang.String GAME_STATE
    public static final java.lang.String UNDO_GAME_STATE
com.itjiehun.zhz.MainGame:
    public static final int SPAWN_ANIMATION
    public static final int MOVE_ANIMATION
    public static final int MERGE_ANIMATION
    public static final int FADE_GLOBAL_ANIMATION
    public static final long MOVE_ANIMATION_TIME
    public static final long SPAWN_ANIMATION_TIME
    public static final long NOTIFICATION_ANIMATION_TIME
    public static final long NOTIFICATION_DELAY_TIME
    private static final java.lang.String HIGH_SCORE
    public static final int startingMaxValue
    public static final int endingMaxValue
    public static final int GAME_WIN
    public static final int GAME_LOST
    public static final int GAME_NORMAL
    public static final int GAME_NORMAL_WON
    public static final int GAME_ENDLESS
    public static final int GAME_ENDLESS_WON
com.itjiehun.zhz.MainView:
    public static final int BASE_ANIMATION_TIME
    private static final float MERGING_ACCELERATION
    private static final float INITIAL_VELOCITY
    155:167:public static android.graphics.Bitmap getRoundedCornerBitmap0(android.graphics.Bitmap,float)
    242:250:void drawCellText(android.graphics.Canvas,int,int,int)
com.itjiehun.zhz.R
com.itjiehun.zhz.R$anim
com.itjiehun.zhz.R$attr
com.itjiehun.zhz.R$color
com.itjiehun.zhz.R$dimen
com.itjiehun.zhz.R$drawable
com.itjiehun.zhz.R$id
com.itjiehun.zhz.R$layout
com.itjiehun.zhz.R$menu
com.itjiehun.zhz.R$raw
com.itjiehun.zhz.R$string
com.itjiehun.zhz.R$style
com.itjiehun.zhz.umeng.UmengStatic
com.itjiehun.zhz.umeng.package-info
com.itjiehun.zhz.waps.WapsStatic
com.itjiehun.zhz.waps.package-info
...
u.aly.Q:
    private static final int l
    145:150:public Q(java.lang.String,java.lang.String,long)
    155:167:public Q(u.aly.Q)
    170:170:public u.aly.Q a()
    175:180:public void b()
    183:183:public java.lang.String c()
    192:193:public void d()
    197:197:public boolean e()
    207:207:public java.lang.String f()
    216:217:public void h()
    231:231:public java.lang.String j()
    240:241:public void k()
    245:245:public boolean l()
    255:255:public long m()
    265:266:public void n()
    278:278:public u.aly.Q$e a(int)
    341:345:private void a(java.io.ObjectOutputStream)
    350:355:private void a(java.io.ObjectInputStream)
    1:1:public synthetic u.aly.aG b(int)
    1:1:public synthetic u.aly.az g()
u.aly.Q$e:
    70:80:public static u.aly.Q$e a(int)
    89:91:public static u.aly.Q$e b(int)
    98:98:public static u.aly.Q$e a(java.lang.String)
u.aly.R:
    private static final int j
    private static final int k
    138:144:public R(java.lang.String,long,int)
    149:156:public R(u.aly.R)
    159:159:public u.aly.R a()
    164:169:public void b()
    181:182:public void d()
    186:186:public boolean e()
    206:207:public void h()
    229:230:public void k()
    242:242:public u.aly.R$e c(int)
    289:293:private void a(java.io.ObjectOutputStream)
    298:303:private void a(java.io.ObjectInputStream)
    1:1:public synthetic u.aly.aG b(int)
    1:1:public synthetic u.aly.az g()
u.aly.R$e:
    67:75:public static u.aly.R$e a(int)
    84:86:public static u.aly.R$e b(int)
    93:93:public static u.aly.R$e a(java.lang.String)
u.aly.S:
    137:139:public S(java.util.Map)
    144:170:public S(u.aly.S)
    173:173:public u.aly.S a()
    178:181:public void b()
    184:184:public int c()
    188:192:public void a(java.lang.String,u.aly.R)
    204:205:public void e()
    209:209:public boolean f()
    219:219:public int h()
    223:223:public java.util.Iterator i()
    227:231:public void a(u.aly.Q)
    243:244:public void k()
    258:258:public java.lang.String m()
    262:263:public u.aly.S a(java.lang.String)
    267:268:public void n()
    282:282:public u.aly.S$e a(int)
    339:343:private void a(java.io.ObjectOutputStream)
    347:351:private void a(java.io.ObjectInputStream)
    1:1:public synthetic u.aly.aG b(int)
    1:1:public synthetic u.aly.az g()
u.aly.S$e:
    67:75:public static u.aly.S$e a(int)
    84:86:public static u.aly.S$e b(int)
    93:93:public static u.aly.S$e a(java.lang.String)
u.aly.T:
    private static final int j
    139:144:public T(java.util.Map,int,java.lang.String)
    149:170:public T(u.aly.T)
    173:173:public u.aly.T a()
    178:182:public void b()
    185:185:public int c()
    189:193:public void a(java.lang.String,u.aly.U)
    200:201:public u.aly.T a(java.util.Map)
    205:206:public void e()
    210:210:public boolean f()
    230:231:public void i()
    252:253:public void l()
    257:257:public boolean m()
    267:267:public u.aly.T$e c(int)
    320:324:private void a(java.io.ObjectOutputStream)
    329:334:private void a(java.io.ObjectInputStream)
    1:1:public synthetic u.aly.aG b(int)
    1:1:public synthetic u.aly.az g()
u.aly.T$e:
    67:75:public static u.aly.T$e a(int)
    84:86:public static u.aly.T$e b(int)
    93:93:public static u.aly.T$e a(java.lang.String)
u.aly.U:
    private static final int j
    137:141:public U(long,java.lang.String)
    146:155:public U(u.aly.U)
    158:158:public u.aly.U a()
    163:167:public void b()
    174:175:public u.aly.U a(java.lang.String)
    179:180:public void d()
    198:200:public u.aly.U a(long)
    204:205:public void h()
    221:222:public u.aly.U b(java.lang.String)
    226:227:public void k()
    231:231:public boolean l()
    241:241:public u.aly.U$e a(int)
    293:297:private void a(java.io.ObjectOutputStream)
    302:307:private void a(java.io.ObjectInputStream)
    1:1:public synthetic u.aly.aG b(int)
    1:1:public synthetic u.aly.az g()